
Auto library: rt7M_tl.a -> C:\Program Files (x86)\IAR Systems\Embedded Workbench 7.2\arm\lib\rt7M_tl.a
Auto library: m7M_tls.a -> C:\Program Files (x86)\IAR Systems\Embedded Workbench 7.2\arm\lib\m7M_tls.a
Auto library: dl7M_tln.a -> C:\Program Files (x86)\IAR Systems\Embedded Workbench 7.2\arm\lib\dl7M_tln.a

Library configuration:

  keep       __iar_init_vfp
  extra init __iar_cstart_call_ctors
  no_inline  __DebugBreak
  no_inline  __iar_return_from_swi
  no_inline  __iar_semihosting
  no_inline  __iar_sh_stdout_swo

  Module specific redirects:

    unaligned access redirects:

      Symbol            Redirected to
      ------            -------------
      __aeabi_memcpy    __iar_unaligned___aeabi_memcpy
      __aeabi_memcpy4   __iar_unaligned___aeabi_memcpy4
      __aeabi_memcpy8   __iar_unaligned___aeabi_memcpy8
      __aeabi_memmove   __iar_unaligned___aeabi_memmove
      __aeabi_memmove4  __iar_unaligned___aeabi_memmove4
      __aeabi_memmove8  __iar_unaligned___aeabi_memmove8
      memcmp            __iar_unaligned_memcmp
      strcmp            __iar_unaligned_strcmp
      strcpy            __iar_unaligned_strcpy
      strncpy           __iar_unaligned_strncpy

      power_library.o(lib_power.a)

